<?xml version="1.0" encoding="UTF-8" ?>
<testsuite tests="12" failures="0" name="Runner" time="7.121" errors="0" skipped="0">
  <properties>
[...]
</properties>
  <testcase classname="que eu acesso o site Register((Scenario) Validar cadastro com sucesso no site Register)" name="que eu acesso o site Register(" time="4.853"/>
  <testcase classname="preencho o campo nome com valor &quot;Elaine&quot;((Scenario) Validar cadastro com sucesso no site Register)" name="preencho o campo nome com valor &quot;Elaine&quot;(" time="0.14"/>
  <testcase classname="o campo sobrenome com valor &quot;Maekawa&quot;((Scenario) Validar cadastro com sucesso no site Register)" name="o campo sobrenome com valor &quot;Maekawa&quot;(" time="0.074"/>
  <testcase classname="o endereço com o valor &quot;Rua Agostinho Gomes, 1326 Apto 1074&quot;((Scenario) Validar cadastro com sucesso no site Register)" name="o endereço com o valor &quot;Rua Agostinho Gomes, 1326 Apto 1074&quot;(" time="0.104"/>
  <testcase classname="o email com o valor &quot;emaekawaf@hotmail.com&quot;((Scenario) Validar cadastro com sucesso no site Register)" name="o email com o valor &quot;emaekawaf@hotmail.com&quot;(" time="0.072"/>
  <testcase classname="o telefone com o valor &quot;13997072607&quot;((Scenario) Validar cadastro com sucesso no site Register)" name="o telefone com o valor &quot;13997072607&quot;(" time="0.058"/>
  <testcase classname="clico na opção de sexo feminino((Scenario) Validar cadastro com sucesso no site Register)" name="clico na opção de sexo feminino(" time="0.043"/>
  <testcase classname="seleciono a segunda checkbox de hobbies((Scenario) Validar cadastro com sucesso no site Register)" name="seleciono a segunda checkbox de hobbies(" time="0.039"/>
  <testcase classname="seleciono &quot;Java&quot; dentro do dropdown de skills((Scenario) Validar cadastro com sucesso no site Register)" name="seleciono &quot;Java&quot; dentro do dropdown de skills(" time="0.058"/>
  <testcase classname="seleciono um país da lista((Scenario) Validar cadastro com sucesso no site Register)" name="seleciono um país da lista(" time="0.108"/>
  <testcase classname="seleciono o ano &quot;1994&quot;, o mês &quot;March&quot; e o dia &quot;14&quot;((Scenario) Validar cadastro com sucesso no site Register)" name="seleciono o ano &quot;1994&quot;, o mês &quot;March&quot; e o dia &quot;14&quot;(" time="0.24"/>
  <testcase classname="(Scenario) Validar cadastro com sucesso no site Register" name="(Scenario) Validar cadastro com sucesso no site Register" time="1.332"/>
</testsuite>